Key của bạn không hợp lệ hoặc bị khoá
 | 2024-05-06 10:18:06
Key của bạn không hợp lệ hoặc bị khoá
 | 2024-05-06 10:18:12
Key của bạn không hợp lệ hoặc bị khoá
 | 2024-05-06 10:18:13
Key của bạn không hợp lệ hoặc bị khoá
 | 2024-05-06 10:18:15
Key của bạn không hợp lệ hoặc bị khoá
 | 2024-05-06 10:18:18
Key của bạn không hợp lệ hoặc bị khoá
 | 2024-05-06 10:18:21
Key của bạn không hợp lệ hoặc bị khoá
 | 2024-05-06 10:18:25
Key của bạn không hợp lệ hoặc bị khoá
 | 2024-05-06 10:35:08
Key của bạn không hợp lệ hoặc bị khoá
 | 2024-05-07 09:29:21
Key của bạn không hợp lệ hoặc bị khoá
 | 2024-09-01 00:37:53
Key của bạn không hợp lệ hoặc bị khoá
 | 2024-09-01 00:59:46
Key của bạn không hợp lệ hoặc bị khoá
 | 2024-09-01 01:08:59
Key của bạn không hợp lệ hoặc bị khoá
 | 2024-09-01 01:16:09
Key của bạn không hợp lệ hoặc bị khoá
 | 2024-09-03 22:52:50
Không tìm thấy thẻ code: 810359693354387, serial: 10010746928059
 | 2024-09-05 21:09:15
Không tìm thấy thẻ code: 021351065473755, serial: 20000274905173
 | 2024-09-05 21:19:08
Thẻ lỗi (User: 9) | 2024-09-05 21:21:15
Thẻ lỗi (User: goc333) | 2024-09-13 23:27:52
Không tìm thấy thẻ code: CA01459617, serial: 2900749130
 | 2024-09-14 19:18:32
Không tìm thấy thẻ code: CA01459617, serial: 2900749130
 | 2024-09-14 19:18:32
Không tìm thấy thẻ code: 1231234561234, serial: 1231234561234
 | 2024-09-26 01:51:12
Key của bạn không hợp lệ hoặc bị khoá
 | 2024-11-06 08:57:30
Key của bạn không hợp lệ hoặc bị khoá
 | 2024-11-06 09:04:16
Không tìm thấy thẻ code: 328522251927372, serial: 20000301621525
 | 2024-11-16 22:28:44
Thẻ lỗi (User: yotarito) | 2024-11-20 07:30:27
Không tìm thấy thẻ code: 523973227937914, serial: 20000301901236
 | 2024-11-22 18:45:11
Không tìm thấy thẻ code: 112819236714077, serial: 10010916505722
 | 2024-11-22 23:17:53
Thẻ lỗi (User: hung45032) | 2024-11-27 21:07:23
